#
# A fatal error has been detected by the Java Runtime Environment:
#
#  Internal Error (0xc0000029), pid=3848, tid=2376
#
# JRE version: 7.0_25-b17
# Java VM: Java HotSpot(TM) Client VM (23.25-b01 mixed mode windows-x86 )
# Problematic frame:
# C  [ntdll.dll+0x8de35]  RtlTimeToElapsedTimeFields+0x149a1
#
# Failed to write core dump. Minidumps are not enabled by default on client versions of Windows
#
# If you would like to submit a bug report, please visit:
#   http://bugreport.sun.com/bugreport/crash.jsp
# The crash happened outside the Java Virtual Machine in native code.
# See problematic frame for where to report the bug.
#

---------------  T H R E A D  ---------------

Current thread (0x184f1000):  JavaThread "Thread-1" [_thread_in_native, id=2376, stack(0x18910000,0x18960000)]

siginfo: ExceptionCode=0xc0000029

Registers:
EAX=0x1895ea48, EBX=0x1895f44c, ECX=0x1895eaa0, EDX=0x1895e9dc
ESP=0x1895e9ec, EBP=0x1895ed74, ESI=0x1895ed94, EDI=0x00000001
EIP=0x7730de35, EFLAGS=0x00200246

Top of Stack: (sp=0x1895e9ec)
0x1895e9ec:   185c1878 184f1128 1895ec94 01c778a4
0x1895e9fc:   01c629c8 00000000 1895eaf0 1895eacc
0x1895ea0c:   6f49969d 184f0c10 6f4996ca 14332ce8
0x1895ea1c:   000000bb 1895eaf8 1895eacc 01c778a4
0x1895ea2c:   01c629c8 00000000 1895eaf0 1895eacc
0x1895ea3c:   1895eacc 01c778a4 01c629c8 c0000029
0x1895ea4c:   00000001 1895ed94 7730de35 00000000
0x1895ea5c:   00000000 1895eb28 1895eaf8 1895eaf8 

Instructions: (pc=0x7730de35)
0x7730de15:   d4 fc ff ff 50 c7 85 d4 fc ff ff 29 00 00 c0 89
0x7730de25:   bd d8 fc ff ff 89 b5 dc fc ff ff e8 d3 86 fb ff
0x7730de35:   e9 75 b1 f9 ff 48 48 74 2e 83 a5 e4 fc ff ff 00
0x7730de45:   8d 85 d4 fc ff ff 50 c7 85 d4 fc ff ff 26 00 00 


Register to memory mapping:

EAX=0x1895ea48 is pointing into the stack for thread: 0x184f1000
EBX=0x1895f44c is pointing into the stack for thread: 0x184f1000
ECX=0x1895eaa0 is pointing into the stack for thread: 0x184f1000
EDX=0x1895e9dc is pointing into the stack for thread: 0x184f1000
ESP=0x1895e9ec is pointing into the stack for thread: 0x184f1000
EBP=0x1895ed74 is pointing into the stack for thread: 0x184f1000
ESI=0x1895ed94 is pointing into the stack for thread: 0x184f1000
EDI=0x00000001 is an unknown value


Stack: [0x18910000,0x18960000],  sp=0x1895e9ec,  free space=314k
Native frames: (J=compiled Java code, j=interpreted, Vv=VM code, C=native code)
C  [ntdll.dll+0x8de35]  RtlTimeToElapsedTimeFields+0x149a1

Java frames: (J=compiled Java code, j=interpreted, Vv=VM code)
j  sun.font.T2KFontScaler.getGlyphImageNative(Lsun/font/Font2D;JJI)J+0
j  sun.font.T2KFontScaler.getGlyphImage(JI)J+26
j  sun.font.FileFont.getGlyphImage(JI)J+6
j  sun.font.FileFontStrike.getGlyphImagePtr(I)J+115
j  sun.font.FileFontStrike.getGlyphAdvance(IZ)F+240
j  sun.font.FileFontStrike.getGlyphAdvance(I)F+3
j  sun.font.FileFontStrike.getCodePointAdvance(I)F+9
J  sun.font.FontDesignMetrics.stringWidth(Ljava/lang/String;)I
j  com.gamesbykevin.casinogames.main.Main.renderCounter(Ljava/awt/Graphics;)V+40
j  com.gamesbykevin.casinogames.main.Main.renderImage()V+66
J  com.gamesbykevin.casinogames.main.Main.run()V
v  ~StubRoutines::call_stub

---------------  P R O C E S S  ---------------

Java Threads: ( => current thread )
  0x1858a400 JavaThread "org.netbeans.modules.debugger.jpda.visual AWT Access Loop" daemon [_thread_blocked, id=1652, stack(0x198d0000,0x19920000)]
  0x18576800 JavaThread "Image Fetcher 3" daemon [_thread_blocked, id=2556, stack(0x199d0000,0x19a20000)]
  0x005ea800 JavaThread "DestroyJavaVM" [_thread_blocked, id=4084, stack(0x00580000,0x005d0000)]
  0x18502000 JavaThread "AWT-EventQueue-0" [_thread_blocked, id=3140, stack(0x188c0000,0x18910000)]
=>0x184f1000 JavaThread "Thread-1" [_thread_in_native, id=2376, stack(0x18910000,0x18960000)]
  0x00dd4000 JavaThread "AWT-Shutdown" [_thread_blocked, id=116, stack(0x182a0000,0x182f0000)]
  0x00dd3800 JavaThread "Java2D Disposer" daemon [_thread_blocked, id=1172, stack(0x180b0000,0x18100000)]
  0x00cff000 JavaThread "Service Thread" daemon [_thread_blocked, id=1580, stack(0x00f60000,0x00fb0000)]
  0x00cfc800 JavaThread "C1 CompilerThread0" daemon [_thread_blocked, id=2040, stack(0x00eb0000,0x00f00000)]
  0x00cec400 JavaThread "JDWP Event Helper Thread" daemon [_thread_blocked, id=3228, stack(0x00f10000,0x00f60000)]
  0x00cdd800 JavaThread "Attach Listener" daemon [_thread_blocked, id=3552, stack(0x17e50000,0x17ea0000)]
  0x00cd8400 JavaThread "Signal Dispatcher" daemon [_thread_blocked, id=2960, stack(0x17dd0000,0x17e20000)]
  0x00c86000 JavaThread "Finalizer" daemon [_thread_blocked, id=2024, stack(0x17d50000,0x17da0000)]
  0x00c7d800 JavaThread "Reference Handler" daemon [_thread_blocked, id=3340, stack(0x17cc0000,0x17d10000)]

Other Threads:
  0x00c76000 VMThread [stack: 0x00fc0000,0x01010000] [id=3904]

VM state:at safepoint (normal execution)

VM Mutex/Monitor currently owned by a thread:  ([mutex/lock_event])
[0x005e8d28] Threads_lock - owner thread: 0x00c76000

Heap
 def new generation   total 29056K, used 12015K [0x03c60000, 0x05be0000, 0x091b0000)
  eden space 25856K,  46% used [0x03c60000, 0x04816b68, 0x055a0000)
  from space 3200K,   0% used [0x058c0000, 0x058c5200, 0x05be0000)
  to   space 3200K,   0% used [0x055a0000, 0x055a0000, 0x058c0000)
 tenured generation   total 96448K, used 70661K [0x091b0000, 0x0efe0000, 0x13c60000)
   the space 96448K,  73% used [0x091b0000, 0x0d6b16f0, 0x0d6b1800, 0x0efe0000)
 compacting perm gen  total 12288K, used 6987K [0x13c60000, 0x14860000, 0x17c60000)
   the space 12288K,  56% used [0x13c60000, 0x14332f30, 0x14333000, 0x14860000)
No shared spaces configured.

Card table byte_map: [0x00bc0000,0x00c70000] byte_map_base: 0x00ba1d00

Polling page: 0x001a0000

Code Cache  [0x01c60000, 0x01d68000, 0x03c60000)
 total_blobs=397 nmethods=178 adapters=162 free_code_cache=31736Kb largest_free_block=32498560

Compilation events (10 events):
Event: 3.329 Thread 0x00cfc800  172             java.util.ArrayList::rangeCheck (22 bytes)
Event: 3.330 Thread 0x00cfc800 nmethod 172 0x01d5fb88 code [0x01d5fce0, 0x01d5ffa8]
Event: 3.330 Thread 0x00cfc800  173             java.util.ArrayList::elementData (7 bytes)
Event: 3.330 Thread 0x00cfc800 nmethod 173 0x01d602c8 code [0x01d603c0, 0x01d60460]
Event: 3.330 Thread 0x00cfc800  174             java.util.ArrayList::get (11 bytes)
Event: 3.330 Thread 0x00cfc800 nmethod 174 0x01d60508 code [0x01d60630, 0x01d60778]
Event: 3.330 Thread 0x00cfc800  175             java.util.HashMap::<init> (165 bytes)
Event: 3.331 Thread 0x00cfc800 nmethod 175 0x01d60948 code [0x01d60b30, 0x01d61230]
Event: 3.331 Thread 0x00cfc800  176             com.gamesbykevin.casinogames.deck.Deck::getCards (5 bytes)
Event: 3.331 Thread 0x00cfc800 nmethod 176 0x01d617c8 code [0x01d618c0, 0x01d61940]

GC Heap History (10 events):
Event: 1.531 GC heap before
{Heap before GC invocations=7 (full 1):
 def new generation   total 9664K, used 8682K [0x03c60000, 0x046d0000, 0x091b0000)
  eden space 8640K,  99% used [0x03c60000, 0x044cff28, 0x044d0000)
  from space 1024K,   4% used [0x045d0000, 0x045dab08, 0x046d0000)
  to   space 1024K,   0% used [0x044d0000, 0x044d0000, 0x045d0000)
 tenured generation   total 21340K, used 16769K [0x091b0000, 0x0a687000, 0x13c60000)
   the space 21340K,  78% used [0x091b0000, 0x0a210520, 0x0a210600, 0x0a687000)
 compacting perm gen  total 12288K, used 6700K [0x13c60000, 0x14860000, 0x17c60000)
   the space 12288K,  54% used [0x13c60000, 0x142eb008, 0x142eb200, 0x14860000)
No shared spaces configured.
Event: 1.557 GC heap after
Heap after GC invocations=8 (full 2):
 def new generation   total 17408K, used 0K [0x03c60000, 0x04f40000, 0x091b0000)
  eden space 15488K,   0% used [0x03c60000, 0x03c60000, 0x04b80000)
  from space 1920K,   0% used [0x04b80000, 0x04b80000, 0x04d60000)
  to   space 1920K,   0% used [0x04d60000, 0x04d60000, 0x04f40000)
 tenured generation   total 38504K, used 23100K [0x091b0000, 0x0b74a000, 0x13c60000)
   the space 38504K,  59% used [0x091b0000, 0x0a83f3d8, 0x0a83f400, 0x0b74a000)
 compacting perm gen  total 12288K, used 6700K [0x13c60000, 0x14860000, 0x17c60000)
   the space 12288K,  54% used [0x13c60000, 0x142eb008, 0x142eb200, 0x14860000)
No shared spaces configured.
}
Event: 1.694 GC heap before
{Heap before GC invocations=8 (full 2):
 def new generation   total 17408K, used 8917K [0x03c60000, 0x04f40000, 0x091b0000)
  eden space 15488K,  57% used [0x03c60000, 0x04515440, 0x04b80000)
  from space 1920K,   0% used [0x04b80000, 0x04b80000, 0x04d60000)
  to   space 1920K,   0% used [0x04d60000, 0x04d60000, 0x04f40000)
 tenured generation   total 38504K, used 23100K [0x091b0000, 0x0b74a000, 0x13c60000)
   the space 38504K,  59% used [0x091b0000, 0x0a83f3d8, 0x0a83f400, 0x0b74a000)
 compacting perm gen  total 12288K, used 6700K [0x13c60000, 0x14860000, 0x17c60000)
   the space 12288K,  54% used [0x13c60000, 0x142eb028, 0x142eb200, 0x14860000)
No shared spaces configured.
Event: 1.695 GC heap after
Heap after GC invocations=9 (full 2):
 def new generation   total 17408K, used 740K [0x03c60000, 0x04f40000, 0x091b0000)
  eden space 15488K,   0% used [0x03c60000, 0x03c60000, 0x04b80000)
  from space 1920K,  38% used [0x04d60000, 0x04e19358, 0x04f40000)
  to   space 1920K,   0% used [0x04b80000, 0x04b80000, 0x04d60000)
 tenured generation   total 38504K, used 24503K [0x091b0000, 0x0b74a000, 0x13c60000)
   the space 38504K,  63% used [0x091b0000, 0x0a99dde8, 0x0a99de00, 0x0b74a000)
 compacting perm gen  total 12288K, used 6700K [0x13c60000, 0x14860000, 0x17c60000)
   the space 12288K,  54% used [0x13c60000, 0x142eb028, 0x142eb200, 0x14860000)
No shared spaces configured.
}
Event: 1.748 GC heap before
{Heap before GC invocations=9 (full 2):
 def new generation   total 17408K, used 16228K [0x03c60000, 0x04f40000, 0x091b0000)
  eden space 15488K, 100% used [0x03c60000, 0x04b80000, 0x04b80000)
  from space 1920K,  38% used [0x04d60000, 0x04e19358, 0x04f40000)
  to   space 1920K,   0% used [0x04b80000, 0x04b80000, 0x04d60000)
 tenured generation   total 38504K, used 24503K [0x091b0000, 0x0b74a000, 0x13c60000)
   the space 38504K,  63% used [0x091b0000, 0x0a99dde8, 0x0a99de00, 0x0b74a000)
 compacting perm gen  total 12288K, used 6700K [0x13c60000, 0x14860000, 0x17c60000)
   the space 12288K,  54% used [0x13c60000, 0x142eb028, 0x142eb200, 0x14860000)
No shared spaces configured.
Event: 1.753 GC heap after
Heap after GC invocations=10 (full 2):
 def new generation   total 17408K, used 740K [0x03c60000, 0x04f40000, 0x091b0000)
  eden space 15488K,   0% used [0x03c60000, 0x03c60000, 0x04b80000)
  from space 1920K,  38% used [0x04b80000, 0x04c391b0, 0x04d60000)
  to   space 1920K,   0% used [0x04d60000, 0x04d60000, 0x04f40000)
 tenured generation   total 38504K, used 34853K [0x091b0000, 0x0b74a000, 0x13c60000)
   the space 38504K,  90% used [0x091b0000, 0x0b3b96f8, 0x0b3b9800, 0x0b74a000)
 compacting perm gen  total 12288K, used 6700K [0x13c60000, 0x14860000, 0x17c60000)
   the space 12288K,  54% used [0x13c60000, 0x142eb028, 0x142eb200, 0x14860000)
No shared spaces configured.
}
Event: 1.896 GC heap before
{Heap before GC invocations=10 (full 2):
 def new generation   total 17408K, used 10031K [0x03c60000, 0x04f40000, 0x091b0000)
  eden space 15488K,  59% used [0x03c60000, 0x04572bb0, 0x04b80000)
  from space 1920K,  38% used [0x04b80000, 0x04c391b0, 0x04d60000)
  to   space 1920K,   0% used [0x04d60000, 0x04d60000, 0x04f40000)
 tenured generation   total 38504K, used 34853K [0x091b0000, 0x0b74a000, 0x13c60000)
   the space 38504K,  90% used [0x091b0000, 0x0b3b96f8, 0x0b3b9800, 0x0b74a000)
 compacting perm gen  total 12288K, used 6700K [0x13c60000, 0x14860000, 0x17c60000)
   the space 12288K,  54% used [0x13c60000, 0x142eb028, 0x142eb200, 0x14860000)
No shared spaces configured.
Event: 1.910 GC heap after
Heap after GC invocations=11 (full 3):
 def new generation   total 29056K, used 0K [0x03c60000, 0x05be0000, 0x091b0000)
  eden space 25856K,   0% used [0x03c60000, 0x03c60000, 0x055a0000)
  from space 3200K,   0% used [0x055a0000, 0x055a0000, 0x058c0000)
  to   space 3200K,   0% used [0x058c0000, 0x058c0000, 0x05be0000)
 tenured generation   total 64452K, used 38669K [0x091b0000, 0x0d0a1000, 0x13c60000)
   the space 64452K,  59% used [0x091b0000, 0x0b773620, 0x0b773800, 0x0d0a1000)
 compacting perm gen  total 12288K, used 6700K [0x13c60000, 0x14860000, 0x17c60000)
   the space 12288K,  54% used [0x13c60000, 0x142eb028, 0x142eb200, 0x14860000)
No shared spaces configured.
}
Event: 2.043 GC heap before
{Heap before GC invocations=11 (full 3):
 def new generation   total 29056K, used 25856K [0x03c60000, 0x05be0000, 0x091b0000)
  eden space 25856K, 100% used [0x03c60000, 0x055a0000, 0x055a0000)
  from space 3200K,   0% used [0x055a0000, 0x055a0000, 0x058c0000)
  to   space 3200K,   0% used [0x058c0000, 0x058c0000, 0x05be0000)
 tenured generation   total 96448K, used 70661K [0x091b0000, 0x0efe0000, 0x13c60000)
   the space 96448K,  73% used [0x091b0000, 0x0d6b16f0, 0x0d6b1800, 0x0efe0000)
 compacting perm gen  total 12288K, used 6754K [0x13c60000, 0x14860000, 0x17c60000)
   the space 12288K,  54% used [0x13c60000, 0x142f8a38, 0x142f8c00, 0x14860000)
No shared spaces configured.
Event: 2.044 GC heap after
Heap after GC invocations=12 (full 3):
 def new generation   total 29056K, used 20K [0x03c60000, 0x05be0000, 0x091b0000)
  eden space 25856K,   0% used [0x03c60000, 0x03c60000, 0x055a0000)
  from space 3200K,   0% used [0x058c0000, 0x058c5200, 0x05be0000)
  to   space 3200K,   0% used [0x055a0000, 0x055a0000, 0x058c0000)
 tenured generation   total 96448K, used 70661K [0x091b0000, 0x0efe0000, 0x13c60000)
   the space 96448K,  73% used [0x091b0000, 0x0d6b16f0, 0x0d6b1800, 0x0efe0000)
 compacting perm gen  total 12288K, used 6754K [0x13c60000, 0x14860000, 0x17c60000)
   the space 12288K,  54% used [0x13c60000, 0x142f8a38, 0x142f8c00, 0x14860000)
No shared spaces configured.
}

Deoptimization events (0 events):
No events

Internal exceptions (10 events):
Event: 3.316 Thread 0x184f1000 Threw 0x0476ae08 at C:\jdk7u2_32P\jdk7u25\hotspot\src\share\vm\prims\jvm.cpp:1235
Event: 3.318 Thread 0x184f1000 Threw 0x0476d8b8 at C:\jdk7u2_32P\jdk7u25\hotspot\src\share\vm\prims\jvm.cpp:1235
Event: 3.321 Thread 0x184f1000 Threw 0x04771140 at C:\jdk7u2_32P\jdk7u25\hotspot\src\share\vm\prims\jvm.cpp:1235
Event: 3.323 Thread 0x184f1000 Threw 0x047735d0 at C:\jdk7u2_32P\jdk7u25\hotspot\src\share\vm\prims\jvm.cpp:1235
Event: 3.324 Thread 0x184f1000 Threw 0x047771e8 at C:\jdk7u2_32P\jdk7u25\hotspot\src\share\vm\prims\jvm.cpp:1235
Event: 3.327 Thread 0x184f1000 Threw 0x0477de18 at C:\jdk7u2_32P\jdk7u25\hotspot\src\share\vm\prims\jvm.cpp:1235
Event: 3.330 Thread 0x184f1000 Threw 0x0478a378 at C:\jdk7u2_32P\jdk7u25\hotspot\src\share\vm\prims\jvm.cpp:1235
Event: 3.332 Thread 0x184f1000 Threw 0x0478ca40 at C:\jdk7u2_32P\jdk7u25\hotspot\src\share\vm\prims\jvm.cpp:1235
Event: 5.400 Thread 0x184f1000 Threw 0x0478e3f0 at C:\jdk7u2_32P\jdk7u25\hotspot\src\share\vm\prims\jni.cpp:716
Event: 5.402 Thread 0x184f1000 Threw 0x04815ce8 at C:\jdk7u2_32P\jdk7u25\hotspot\src\share\vm\prims\jni.cpp:716

Events (10 events):
Event: 5.400 loading class 0x00d62448
Event: 5.401 loading class 0x00d62448 done
Event: 5.401 loading class 0x184b9bf0
Event: 5.401 loading class 0x184b9bf0 done
Event: 5.402 loading class 0x1851ea98
Event: 5.402 loading class 0x1851ea98 done
Event: 5.402 loading class 0x18575370
Event: 5.411 Thread 0x00ced800 Thread exited: 0x00ced800
Event: 5.411 Thread 0x00ce3400 Thread exited: 0x00ce3400
Event: 5.429 loading class 0x18575370 done


Dynamic libraries:
0x01030000 - 0x0105f000 	C:\Program Files\Java\jdk1.7.0_25\jre\bin\java.exe
0x77280000 - 0x773bc000 	C:\Windows\SYSTEM32\ntdll.dll
0x76e50000 - 0x76f24000 	C:\Windows\system32\kernel32.dll
0x75450000 - 0x7549a000 	C:\Windows\system32\KERNELBASE.dll
0x77180000 - 0x77220000 	C:\Windows\system32\ADVAPI32.dll
0x773c0000 - 0x7746c000 	C:\Windows\system32\msvcrt.dll
0x75ab0000 - 0x75ac9000 	C:\Windows\SYSTEM32\sechost.dll
0x759e0000 - 0x75a81000 	C:\Windows\system32\RPCRT4.dll
0x76f50000 - 0x77019000 	C:\Windows\system32\USER32.dll
0x76a60000 - 0x76aae000 	C:\Windows\system32\GDI32.dll
0x77220000 - 0x7722a000 	C:\Windows\system32\LPK.dll
0x77020000 - 0x770bd000 	C:\Windows\system32\USP10.dll
0x742f0000 - 0x7448e000 	C:\Windows\WinSxS\x86_microsoft.windows.common-controls_6595b64144ccf1df_6.0.7600.16385_none_421189da2b7fabfc\COMCTL32.dll
0x75970000 - 0x759c7000 	C:\Windows\system32\SHLWAPI.dll
0x75a90000 - 0x75aaf000 	C:\Windows\system32\IMM32.DLL
0x76d80000 - 0x76e4c000 	C:\Windows\system32\MSCTF.dll
0x6f9e0000 - 0x6fa9e000 	C:\Program Files\Java\jdk1.7.0_25\jre\bin\msvcr100.dll
0x6f410000 - 0x6f752000 	C:\Program Files\Java\jdk1.7.0_25\jre\bin\client\jvm.dll
0x6faa0000 - 0x6faa7000 	C:\Windows\system32\WSOCK32.dll
0x77470000 - 0x774a5000 	C:\Windows\system32\WS2_32.dll
0x76f40000 - 0x76f46000 	C:\Windows\system32\NSI.dll
0x712f0000 - 0x71322000 	C:\Windows\system32\WINMM.dll
0x76f30000 - 0x76f35000 	C:\Windows\system32\PSAPI.DLL
0x6f990000 - 0x6f99c000 	C:\Program Files\Java\jdk1.7.0_25\jre\bin\verify.dll
0x6f970000 - 0x6f990000 	C:\Program Files\Java\jdk1.7.0_25\jre\bin\java.dll
0x730f0000 - 0x7311a000 	C:\Program Files\Java\jdk1.7.0_25\jre\bin\jdwp.dll
0x736d0000 - 0x736d7000 	C:\Program Files\Java\jdk1.7.0_25\jre\bin\npt.dll
0x6f790000 - 0x6f7a3000 	C:\Program Files\Java\jdk1.7.0_25\jre\bin\zip.dll
0x73c00000 - 0x73c09000 	C:\Program Files\Java\jdk1.7.0_25\jre\bin\dt_shmem.dll
0x73180000 - 0x732c4000 	C:\Program Files\Java\jdk1.7.0_25\jre\bin\awt.dll
0x76ab0000 - 0x76b3f000 	C:\Windows\system32\OLEAUT32.dll
0x76bc0000 - 0x76d1c000 	C:\Windows\system32\ole32.dll
0x73d60000 - 0x73d73000 	C:\Windows\system32\DWMAPI.DLL
0x74050000 - 0x74090000 	C:\Windows\system32\uxtheme.dll
0x75320000 - 0x7532c000 	C:\Windows\system32\CRYPTBASE.dll
0x75e10000 - 0x76a59000 	C:\Windows\system32\SHELL32.dll
0x73840000 - 0x73871000 	C:\Program Files\Java\jdk1.7.0_25\jre\bin\fontmanager.dll
0x74e50000 - 0x74e66000 	C:\Windows\system32\CRYPTSP.dll
0x74bf0000 - 0x74c2b000 	C:\Windows\system32\rsaenh.dll
0x74a30000 - 0x74a47000 	C:\Windows\system32\USERENV.dll
0x753d0000 - 0x753db000 	C:\Windows\system32\profapi.dll
0x6f270000 - 0x6f284000 	C:\Program Files\Java\jdk1.7.0_25\jre\bin\net.dll
0x74e10000 - 0x74e4c000 	C:\Windows\system32\mswsock.dll
0x74e00000 - 0x74e06000 	C:\Windows\System32\wship6.dll
0x73aa0000 - 0x73ab0000 	C:\Windows\system32\NLAapi.dll
0x74cd0000 - 0x74d14000 	C:\Windows\system32\DNSAPI.dll
0x73bf0000 - 0x73bf8000 	C:\Windows\System32\winrnr.dll
0x73be0000 - 0x73bf0000 	C:\Windows\system32\napinsp.dll
0x73880000 - 0x73892000 	C:\Windows\system32\pnrpnsp.dll
0x748e0000 - 0x748e5000 	C:\Windows\System32\wshtcpip.dll
0x749a0000 - 0x749bc000 	C:\Windows\system32\IPHLPAPI.DLL
0x74990000 - 0x74997000 	C:\Windows\system32\WINNSI.DLL
0x71e10000 - 0x71e16000 	C:\Windows\system32\rasadhlp.dll
0x734f0000 - 0x73528000 	C:\Windows\System32\fwpuclnt.dll
0x6f260000 - 0x6f26f000 	C:\Program Files\Java\jdk1.7.0_25\jre\bin\nio.dll
0x736c0000 - 0x736ca000 	C:\Program Files\Java\jdk1.7.0_25\jre\bin\jsound.dll
0x73690000 - 0x73699000 	C:\Program Files\Java\jdk1.7.0_25\jre\bin\jsoundds.dll
0x70020000 - 0x70092000 	C:\Windows\system32\DSOUND.dll
0x74240000 - 0x74265000 	C:\Windows\system32\POWRPROF.dll
0x757d0000 - 0x7596d000 	C:\Windows\system32\SETUPAPI.dll
0x755c0000 - 0x755e7000 	C:\Windows\system32\CFGMGR32.dll
0x75680000 - 0x75692000 	C:\Windows\system32\DEVOBJ.dll
0x74200000 - 0x74239000 	C:\Windows\system32\MMDevAPI.DLL
0x74090000 - 0x74185000 	C:\Windows\system32\PROPSYS.dll
0x6f760000 - 0x6f790000 	C:\Windows\system32\wdmaud.drv
0x6f400000 - 0x6f404000 	C:\Windows\system32\ksuser.dll
0x741d0000 - 0x741d7000 	C:\Windows\system32\AVRT.dll
0x6f3c0000 - 0x6f3f6000 	C:\Windows\system32\AUDIOSES.DLL
0x6f3b0000 - 0x6f3b8000 	C:\Windows\system32\msacm32.drv
0x6f390000 - 0x6f3a4000 	C:\Windows\system32\MSACM32.dll
0x6f380000 - 0x6f387000 	C:\Windows\system32\midimap.dll
0x770f0000 - 0x77173000 	C:\Windows\system32\CLBCatQ.DLL
0x736e0000 - 0x73710000 	C:\Program Files\Java\jdk1.7.0_25\jre\bin\t2k.dll
0x6dc60000 - 0x6dc84000 	C:\Program Files\Java\jdk1.7.0_25\jre\bin\dcpr.dll
0x6da80000 - 0x6db6b000 	C:\Windows\system32\dbghelp.dll

VM Arguments:
jvm_args: -Xdebug -Xrunjdwp:transport=dt_shmem,address=javadebug -Dfile.encoding=UTF-8 -Djava.security.policy=applet.policy 
java_command: StartDesktop
Launcher Type: SUN_STANDARD

Environment Variables:
PATH=C:\Windows\system32;C:\Windows;C:\Windows\System32\Wbem;C:\Windows\System32\WindowsPowerShell\v1.0\
USERNAME=GOD
OS=Windows_NT
PROCESSOR_IDENTIFIER=x86 Family 6 Model 42 Stepping 7, GenuineIntel



---------------  S Y S T E M  ---------------

OS: Windows 7 Build 7600 

CPU:total 4 (4 cores per cpu, 1 threads per core) family 6 model 42 stepping 7, cmov, cx8, fxsr, mmx, sse, sse2, sse3, ssse3, tsc

Memory: 4k page, physical 3145272k(2040688k free), swap 6288780k(5191244k free)

vm_info: Java HotSpot(TM) Client VM (23.25-b01) for windows-x86 JRE (1.7.0_25-b17), built on Jun 21 2013 13:06:48 by "java_re" with unknown MS VC++:1600

time: Sat Jan 04 23:21:40 2014
elapsed time: 5 seconds

