#
# A fatal error has been detected by the Java Runtime Environment:
#
#  Internal Error (0xc0000029), pid=10248, tid=13172
#
# JRE version: 7.0_25-b17
# Java VM: Java HotSpot(TM) Client VM (23.25-b01 mixed mode windows-x86 )
# Problematic frame:
# C  [ntdll.dll+0x8de35]  RtlTimeToElapsedTimeFields+0x149a1
#
# Failed to write core dump. Minidumps are not enabled by default on client versions of Windows
#
# If you would like to submit a bug report, please visit:
#   http://bugreport.sun.com/bugreport/crash.jsp
# The crash happened outside the Java Virtual Machine in native code.
# See problematic frame for where to report the bug.
#

---------------  T H R E A D  ---------------

Current thread (0x04c3f400):  JavaThread "Thread-6" [_thread_in_native, id=13172, stack(0x04f20000,0x04f70000)]

siginfo: ExceptionCode=0xc0000029

Registers:
EAX=0x04f6eb38, EBX=0x04f6f61c, ECX=0x04f6eb90, EDX=0x04f6eacc
ESP=0x04f6eadc, EBP=0x04f6ee64, ESI=0x04f6ee84, EDI=0x00000001
EIP=0x7765de35, EFLAGS=0x00200246

Top of Stack: (sp=0x04f6eadc)
0x04f6eadc:   03a87e68 04c3f528 04f6ed84 fff80000
0x04f6eaec:   00000000 fff80000 00000000 fff80000
0x04f6eafc:   00000000 fff80000 00000000 fff80000
0x04f6eb0c:   00000000 fff80000 00000000 fff80000
0x04f6eb1c:   00000000 fff80000 00000000 3fe00000
0x04f6eb2c:   00000000 3fe00000 006e006e c0000029
0x04f6eb3c:   00000001 04f6ee84 7765de35 00000000
0x04f6eb4c:   00200065 00690066 0065006c 00730020 

Instructions: (pc=0x7765de35)
0x7765de15:   d4 fc ff ff 50 c7 85 d4 fc ff ff 29 00 00 c0 89
0x7765de25:   bd d8 fc ff ff 89 b5 dc fc ff ff e8 d3 86 fb ff
0x7765de35:   e9 75 b1 f9 ff 48 48 74 2e 83 a5 e4 fc ff ff 00
0x7765de45:   8d 85 d4 fc ff ff 50 c7 85 d4 fc ff ff 26 00 00 


Register to memory mapping:

EAX=0x04f6eb38 is pointing into the stack for thread: 0x04c3f400
EBX=0x04f6f61c is pointing into the stack for thread: 0x04c3f400
ECX=0x04f6eb90 is pointing into the stack for thread: 0x04c3f400
EDX=0x04f6eacc is pointing into the stack for thread: 0x04c3f400
ESP=0x04f6eadc is pointing into the stack for thread: 0x04c3f400
EBP=0x04f6ee64 is pointing into the stack for thread: 0x04c3f400
ESI=0x04f6ee84 is pointing into the stack for thread: 0x04c3f400
EDI=0x00000001 is an unknown value


Stack: [0x04f20000,0x04f70000],  sp=0x04f6eadc,  free space=314k
Native frames: (J=compiled Java code, j=interpreted, Vv=VM code, C=native code)
C  [ntdll.dll+0x8de35]  RtlTimeToElapsedTimeFields+0x149a1

Java frames: (J=compiled Java code, j=interpreted, Vv=VM code)
j  sun.font.T2KFontScaler.getGlyphImageNative(Lsun/font/Font2D;JJI)J+0
j  sun.font.T2KFontScaler.getGlyphImage(JI)J+26
j  sun.font.FileFont.getGlyphImage(JI)J+6
j  sun.font.FileFontStrike.getGlyphImagePtr(I)J+123
j  sun.font.FileFontStrike.getGlyphAdvance(IZ)F+264
j  sun.font.FileFontStrike.getGlyphAdvance(I)F+3
j  sun.font.FileFontStrike.getCodePointAdvance(I)F+9
J  sun.font.FontDesignMetrics.stringWidth(Ljava/lang/String;)I
j  com.gamesbykevin.framework.menu.Menu.getFontSize(Ljava/lang/String;ILjava/awt/Graphics;)F+19
j  com.gamesbykevin.framework.menu.Layer.drawOptionContainer(Ljava/awt/Graphics2D;)V+311
j  com.gamesbykevin.framework.menu.Layer.render(Ljava/awt/Graphics2D;Ljava/awt/Rectangle;)V+328
j  com.gamesbykevin.framework.menu.Menu.render(Ljava/awt/Graphics;)V+20
j  com.gamesbykevin.casinogames.menu.CustomMenu.render(Ljava/awt/Graphics;)V+2
j  com.gamesbykevin.casinogames.engine.Engine.renderMenu(Ljava/awt/Graphics;)V+34
j  com.gamesbykevin.casinogames.engine.Engine.render(Ljava/awt/Graphics;)V+53
j  com.gamesbykevin.casinogames.main.Main.renderImage()V+58
j  com.gamesbykevin.casinogames.main.Main.run()V+101
v  ~StubRoutines::call_stub

---------------  P R O C E S S  ---------------

Java Threads: ( => current thread )
  0x04dcc800 JavaThread "*** Profiler Agent Special Execution Thread 7" [_thread_blocked, id=13628, stack(0x05210000,0x05260000)]
  0x016ca800 JavaThread "DestroyJavaVM" [_thread_blocked, id=7488, stack(0x01750000,0x017a0000)]
  0x04c4b800 JavaThread "AWT-EventQueue-0" [_thread_blocked, id=8696, stack(0x05260000,0x052b0000)]
  0x04c46800 JavaThread "AWT-Shutdown" [_thread_blocked, id=13844, stack(0x041e0000,0x04230000)]
=>0x04c3f400 JavaThread "Thread-6" [_thread_in_native, id=13172, stack(0x04f20000,0x04f70000)]
  0x04b90800 JavaThread "Java2D Disposer" daemon [_thread_blocked, id=12472, stack(0x04f80000,0x04fd0000)]
  0x03a90800 JavaThread "Service Thread" daemon [_thread_blocked, id=10292, stack(0x048d0000,0x04920000)]
  0x03a8fc00 JavaThread "C1 CompilerThread0" daemon [_thread_blocked, id=5980, stack(0x04330000,0x04380000)]
  0x03a27000 JavaThread "*** Profiler Agent Special Execution Thread 6" daemon [_thread_blocked, id=12868, stack(0x03bd0000,0x03c20000)]
  0x03a24400 JavaThread "*** JFluid Monitor thread ***" daemon [_thread_blocked, id=13632, stack(0x043a0000,0x043f0000)]
  0x039cd400 JavaThread "*** Profiler Agent Communication Thread" daemon [_thread_in_native, id=12976, stack(0x03da0000,0x03df0000)]
  0x03990400 JavaThread "Attach Listener" daemon [_thread_blocked, id=12536, stack(0x03eb0000,0x03f00000)]
  0x0398f000 JavaThread "Signal Dispatcher" daemon [_thread_blocked, id=14300, stack(0x03e10000,0x03e60000)]
  0x03937c00 JavaThread "Finalizer" daemon [_thread_blocked, id=11036, stack(0x03c50000,0x03ca0000)]
  0x03933000 JavaThread "Reference Handler" daemon [_thread_blocked, id=10324, stack(0x03b80000,0x03bd0000)]

Other Threads:
  0x03929400 VMThread [stack: 0x03ce0000,0x03d30000] [id=9760]
  0x03af4800 WatcherThread [stack: 0x04510000,0x04560000] [id=14296]

VM state:not at safepoint (normal execution)

VM Mutex/Monitor currently owned by a thread: None

Heap
 def new generation   total 26112K, used 5947K [0x10010000, 0x11c60000, 0x15560000)
  eden space 23232K,  14% used [0x10010000, 0x1035ea88, 0x116c0000)
  from space 2880K,  88% used [0x116c0000, 0x119402b8, 0x11990000)
  to   space 2880K,   0% used [0x11990000, 0x11990000, 0x11c60000)
 tenured generation   total 89912K, used 71162K [0x15560000, 0x1ad2e000, 0x20010000)
   the space 89912K,  79% used [0x15560000, 0x19ade928, 0x19adea00, 0x1ad2e000)
 compacting perm gen  total 12288K, used 8809K [0x20010000, 0x20c10000, 0x24010000)
   the space 12288K,  71% used [0x20010000, 0x208aa700, 0x208aa800, 0x20c10000)
No shared spaces configured.

Card table byte_map: [0x015d0000,0x01680000] byte_map_base: 0x0154ff80

Polling page: 0x00170000

Code Cache  [0x01920000, 0x01a48000, 0x03920000)
 total_blobs=531 nmethods=298 adapters=168 free_code_cache=31603Kb largest_free_block=32361536

Compilation events (10 events):
Event: 11.888 Thread 0x03a8fc00  328             java.util.HashMap::isEmpty (13 bytes)
Event: 11.888 Thread 0x03a8fc00 nmethod 328 0x01a42148 code [0x01a42240, 0x01a422d0]
Event: 12.096 Thread 0x03a8fc00  329             sun.java2d.SurfaceData::getSurfaceType (5 bytes)
Event: 12.097 Thread 0x03a8fc00 nmethod 329 0x01a42308 code [0x01a42400, 0x01a42480]
Event: 12.361 Thread 0x03a8fc00  330             java.util.HashMap::size (5 bytes)
Event: 12.361 Thread 0x03a8fc00 nmethod 330 0x01a424c8 code [0x01a425c0, 0x01a42640]
Event: 12.387 Thread 0x03a8fc00  331             org.netbeans.lib.profiler.server.ProfilerRuntime::waitEntry (112 bytes)
Event: 12.388 Thread 0x03a8fc00 nmethod 331 0x01a42688 code [0x01a427e0, 0x01a42ac4]
Event: 12.396 Thread 0x03a8fc00  332             org.netbeans.lib.profiler.server.ProfilerRuntime::waitExit (112 bytes)
Event: 12.396 Thread 0x03a8fc00 nmethod 332 0x01a42e88 code [0x01a42fd0, 0x01a431e8]

GC Heap History (10 events):
Event: 5.289 GC heap before
{Heap before GC invocations=9 (full 2):
 def new generation   total 7104K, used 6552K [0x10010000, 0x107c0000, 0x15560000)
  eden space 6336K, 100% used [0x10010000, 0x10640000, 0x10640000)
  from space 768K,  28% used [0x10700000, 0x107362c8, 0x107c0000)
  to   space 768K,   0% used [0x10640000, 0x10640000, 0x10700000)
 tenured generation   total 25916K, used 21449K [0x15560000, 0x16eaf000, 0x20010000)
   the space 25916K,  82% used [0x15560000, 0x16a526a8, 0x16a52800, 0x16eaf000)
 compacting perm gen  total 12288K, used 10637K [0x20010000, 0x20c10000, 0x24010000)
   the space 12288K,  86% used [0x20010000, 0x20a734d0, 0x20a73600, 0x20c10000)
No shared spaces configured.
Event: 5.291 GC heap after
Heap after GC invocations=10 (full 2):
 def new generation   total 7104K, used 216K [0x10010000, 0x107c0000, 0x15560000)
  eden space 6336K,   0% used [0x10010000, 0x10010000, 0x10640000)
  from space 768K,  28% used [0x10640000, 0x10676120, 0x10700000)
  to   space 768K,   0% used [0x10700000, 0x10700000, 0x107c0000)
 tenured generation   total 25916K, used 24931K [0x15560000, 0x16eaf000, 0x20010000)
   the space 25916K,  96% used [0x15560000, 0x16db8d88, 0x16db8e00, 0x16eaf000)
 compacting perm gen  total 12288K, used 10637K [0x20010000, 0x20c10000, 0x24010000)
   the space 12288K,  86% used [0x20010000, 0x20a734d0, 0x20a73600, 0x20c10000)
No shared spaces configured.
}
Event: 5.329 GC heap before
{Heap before GC invocations=10 (full 2):
 def new generation   total 7104K, used 6552K [0x10010000, 0x107c0000, 0x15560000)
  eden space 6336K, 100% used [0x10010000, 0x10640000, 0x10640000)
  from space 768K,  28% used [0x10640000, 0x10676120, 0x10700000)
  to   space 768K,   0% used [0x10700000, 0x10700000, 0x107c0000)
 tenured generation   total 25916K, used 24931K [0x15560000, 0x16eaf000, 0x20010000)
   the space 25916K,  96% used [0x15560000, 0x16db8d88, 0x16db8e00, 0x16eaf000)
 compacting perm gen  total 12288K, used 10637K [0x20010000, 0x20c10000, 0x24010000)
   the space 12288K,  86% used [0x20010000, 0x20a734d0, 0x20a73600, 0x20c10000)
No shared spaces configured.
Event: 5.348 GC heap after
Heap after GC invocations=11 (full 3):
 def new generation   total 22592K, used 0K [0x10010000, 0x11890000, 0x15560000)
  eden space 20096K,   0% used [0x10010000, 0x10010000, 0x113b0000)
  from space 2496K,   0% used [0x113b0000, 0x113b0000, 0x11620000)
  to   space 2496K,   0% used [0x11620000, 0x11620000, 0x11890000)
 tenured generation   total 50056K, used 30032K [0x15560000, 0x18642000, 0x20010000)
   the space 50056K,  59% used [0x15560000, 0x172b43f0, 0x172b4400, 0x18642000)
 compacting perm gen  total 12288K, used 10637K [0x20010000, 0x20c10000, 0x24010000)
   the space 12288K,  86% used [0x20010000, 0x20a734d0, 0x20a73600, 0x20c10000)
No shared spaces configured.
}
Event: 5.605 GC heap before
{Heap before GC invocations=11 (full 3):
 def new generation   total 22592K, used 11149K [0x10010000, 0x11890000, 0x15560000)
  eden space 20096K,  55% used [0x10010000, 0x10af3448, 0x113b0000)
  from space 2496K,   0% used [0x113b0000, 0x113b0000, 0x11620000)
  to   space 2496K,   0% used [0x11620000, 0x11620000, 0x11890000)
 tenured generation   total 50056K, used 30032K [0x15560000, 0x18642000, 0x20010000)
   the space 50056K,  59% used [0x15560000, 0x172b43f0, 0x172b4400, 0x18642000)
 compacting perm gen  total 12288K, used 10637K [0x20010000, 0x20c10000, 0x24010000)
   the space 12288K,  86% used [0x20010000, 0x20a734d0, 0x20a73600, 0x20c10000)
No shared spaces configured.
Event: 5.633 GC heap after
Heap after GC invocations=12 (full 4):
 def new generation   total 26112K, used 0K [0x10010000, 0x11c60000, 0x15560000)
  eden space 23232K,   0% used [0x10010000, 0x10010000, 0x116c0000)
  from space 2880K,   0% used [0x116c0000, 0x116c0000, 0x11990000)
  to   space 2880K,   0% used [0x11990000, 0x11990000, 0x11c60000)
 tenured generation   total 57916K, used 34748K [0x15560000, 0x18def000, 0x20010000)
   the space 57916K,  59% used [0x15560000, 0x1774f078, 0x1774f200, 0x18def000)
 compacting perm gen  total 12288K, used 8188K [0x20010000, 0x20c10000, 0x24010000)
   the space 12288K,  66% used [0x20010000, 0x2080f3e8, 0x2080f400, 0x20c10000)
No shared spaces configured.
}
Event: 5.752 GC heap before
{Heap before GC invocations=12 (full 4):
 def new generation   total 26112K, used 23229K [0x10010000, 0x11c60000, 0x15560000)
  eden space 23232K,  99% used [0x10010000, 0x116bf418, 0x116c0000)
  from space 2880K,   0% used [0x116c0000, 0x116c0000, 0x11990000)
  to   space 2880K,   0% used [0x11990000, 0x11990000, 0x11c60000)
 tenured generation   total 89912K, used 66740K [0x15560000, 0x1ad2e000, 0x20010000)
   the space 89912K,  74% used [0x15560000, 0x1968d148, 0x1968d200, 0x1ad2e000)
 compacting perm gen  total 12288K, used 8188K [0x20010000, 0x20c10000, 0x24010000)
   the space 12288K,  66% used [0x20010000, 0x2080f3e8, 0x2080f400, 0x20c10000)
No shared spaces configured.
Event: 5.752 GC heap after
Heap after GC invocations=13 (full 4):
 def new generation   total 26112K, used 0K [0x10010000, 0x11c60000, 0x15560000)
  eden space 23232K,   0% used [0x10010000, 0x10010000, 0x116c0000)
  from space 2880K,   0% used [0x11990000, 0x11990148, 0x11c60000)
  to   space 2880K,   0% used [0x116c0000, 0x116c0000, 0x11990000)
 tenured generation   total 89912K, used 66740K [0x15560000, 0x1ad2e000, 0x20010000)
   the space 89912K,  74% used [0x15560000, 0x1968d148, 0x1968d200, 0x1ad2e000)
 compacting perm gen  total 12288K, used 8188K [0x20010000, 0x20c10000, 0x24010000)
   the space 12288K,  66% used [0x20010000, 0x2080f3e8, 0x2080f400, 0x20c10000)
No shared spaces configured.
}
Event: 6.100 GC heap before
{Heap before GC invocations=13 (full 4):
 def new generation   total 26112K, used 23232K [0x10010000, 0x11c60000, 0x15560000)
  eden space 23232K, 100% used [0x10010000, 0x116c0000, 0x116c0000)
  from space 2880K,   0% used [0x11990000, 0x11990148, 0x11c60000)
  to   space 2880K,   0% used [0x116c0000, 0x116c0000, 0x11990000)
 tenured generation   total 89912K, used 66740K [0x15560000, 0x1ad2e000, 0x20010000)
   the space 89912K,  74% used [0x15560000, 0x1968d148, 0x1968d200, 0x1ad2e000)
 compacting perm gen  total 12288K, used 8470K [0x20010000, 0x20c10000, 0x24010000)
   the space 12288K,  68% used [0x20010000, 0x20855a50, 0x20855c00, 0x20c10000)
No shared spaces configured.
Event: 6.104 GC heap after
Heap after GC invocations=14 (full 4):
 def new generation   total 26112K, used 2560K [0x10010000, 0x11c60000, 0x15560000)
  eden space 23232K,   0% used [0x10010000, 0x10010000, 0x116c0000)
  from space 2880K,  88% used [0x116c0000, 0x119402b8, 0x11990000)
  to   space 2880K,   0% used [0x11990000, 0x11990000, 0x11c60000)
 tenured generation   total 89912K, used 71162K [0x15560000, 0x1ad2e000, 0x20010000)
   the space 89912K,  79% used [0x15560000, 0x19ade928, 0x19adea00, 0x1ad2e000)
 compacting perm gen  total 12288K, used 8470K [0x20010000, 0x20c10000, 0x24010000)
   the space 12288K,  68% used [0x20010000, 0x20855a50, 0x20855c00, 0x20c10000)
No shared spaces configured.
}

Deoptimization events (0 events):
No events

Internal exceptions (10 events):
Event: 6.365 Thread 0x04c3f400 Threw 0x100ff680 at C:\jdk7u2_32P\jdk7u25\hotspot\src\share\vm\prims\jvm.cpp:1235
Event: 6.366 Thread 0x04c3f400 Threw 0x101010e0 at C:\jdk7u2_32P\jdk7u25\hotspot\src\share\vm\prims\jvm.cpp:1235
Event: 6.369 Thread 0x04c3f400 Threw 0x101032b0 at C:\jdk7u2_32P\jdk7u25\hotspot\src\share\vm\prims\jvm.cpp:1235
Event: 6.370 Thread 0x04c3f400 Threw 0x10104f08 at C:\jdk7u2_32P\jdk7u25\hotspot\src\share\vm\prims\jvm.cpp:1235
Event: 6.392 Thread 0x04c3f400 Threw 0x10108080 at C:\jdk7u2_32P\jdk7u25\hotspot\src\share\vm\prims\jvm.cpp:1235
Event: 6.394 Thread 0x04c3f400 Threw 0x10109e20 at C:\jdk7u2_32P\jdk7u25\hotspot\src\share\vm\prims\jvm.cpp:1235
Event: 6.410 Thread 0x04c3f400 Threw 0x1010c448 at C:\jdk7u2_32P\jdk7u25\hotspot\src\share\vm\prims\jvm.cpp:1235
Event: 6.412 Thread 0x04c3f400 Threw 0x1010e150 at C:\jdk7u2_32P\jdk7u25\hotspot\src\share\vm\prims\jvm.cpp:1235
Event: 12.394 Thread 0x04c3f400 Threw 0x10356c48 at C:\jdk7u2_32P\jdk7u25\hotspot\src\share\vm\prims\jni.cpp:716
Event: 12.397 Thread 0x04c3f400 Threw 0x1035d250 at C:\jdk7u2_32P\jdk7u25\hotspot\src\share\vm\prims\jni.cpp:716

Events (10 events):
Event: 12.394 loading class 0x04b3ba60
Event: 12.394 loading class 0x04b3ba60 done
Event: 12.395 loading class 0x04c06408
Event: 12.395 loading class 0x04c06408 done
Event: 12.398 loading class 0x03a72360
Event: 12.398 loading class 0x03a72360 done
Event: 12.398 loading class 0x04c66b20
Event: 12.437 loading class 0x04c66b20 done
Event: 12.439 Executing VM operation: RedefineClasses
Event: 12.441 Executing VM operation: RedefineClasses done


Dynamic libraries:
0x000c0000 - 0x000ef000 	C:\Program Files\Java\jdk1.7.0_25\jre\bin\java.exe
0x775d0000 - 0x7770c000 	C:\Windows\SYSTEM32\ntdll.dll
0x75cc0000 - 0x75d94000 	C:\Windows\system32\kernel32.dll
0x759c0000 - 0x75a0a000 	C:\Windows\system32\KERNELBASE.dll
0x761d0000 - 0x76270000 	C:\Windows\system32\ADVAPI32.dll
0x760e0000 - 0x7618c000 	C:\Windows\system32\msvcrt.dll
0x777c0000 - 0x777d9000 	C:\Windows\SYSTEM32\sechost.dll
0x75da0000 - 0x75e41000 	C:\Windows\system32\RPCRT4.dll
0x76410000 - 0x764d9000 	C:\Windows\system32\USER32.dll
0x75a10000 - 0x75a5e000 	C:\Windows\system32\GDI32.dll
0x77740000 - 0x7774a000 	C:\Windows\system32\LPK.dll
0x772c0000 - 0x7735d000 	C:\Windows\system32\USP10.dll
0x743b0000 - 0x7454e000 	C:\Windows\WinSxS\x86_microsoft.windows.common-controls_6595b64144ccf1df_6.0.7600.16385_none_421189da2b7fabfc\COMCTL32.dll
0x77750000 - 0x777a7000 	C:\Windows\system32\SHLWAPI.dll
0x777e0000 - 0x777ff000 	C:\Windows\system32\IMM32.DLL
0x76010000 - 0x760dc000 	C:\Windows\system32\MSCTF.dll
0x6e040000 - 0x6e0fe000 	C:\Program Files\Java\jdk1.7.0_25\jre\bin\msvcr100.dll
0x6da40000 - 0x6dd82000 	C:\Program Files\Java\jdk1.7.0_25\jre\bin\client\jvm.dll
0x708b0000 - 0x708b7000 	C:\Windows\system32\WSOCK32.dll
0x76190000 - 0x761c5000 	C:\Windows\system32\WS2_32.dll
0x777b0000 - 0x777b6000 	C:\Windows\system32\NSI.dll
0x71de0000 - 0x71e12000 	C:\Windows\system32\WINMM.dll
0x77720000 - 0x77725000 	C:\Windows\system32\PSAPI.DLL
0x6dff0000 - 0x6dffc000 	C:\Program Files\Java\jdk1.7.0_25\jre\bin\verify.dll
0x6dfd0000 - 0x6dff0000 	C:\Program Files\Java\jdk1.7.0_25\jre\bin\java.dll
0x10000000 - 0x1000b000 	C:\Program Files\NetBeans 7.3.1\profiler\lib\deployed\jdk16\windows\profilerinterface.dll
0x6df90000 - 0x6dfa3000 	C:\Program Files\Java\jdk1.7.0_25\jre\bin\zip.dll
0x6d6c0000 - 0x6d6d4000 	C:\Program Files\Java\jdk1.7.0_25\jre\bin\net.dll
0x75160000 - 0x7519c000 	C:\Windows\system32\mswsock.dll
0x75150000 - 0x75156000 	C:\Windows\System32\wship6.dll
0x6d6b0000 - 0x6d6bf000 	C:\Program Files\Java\jdk1.7.0_25\jre\bin\nio.dll
0x72240000 - 0x7224a000 	C:\Program Files\Java\jdk1.7.0_25\jre\bin\management.dll
0x751a0000 - 0x751b6000 	C:\Windows\system32\CRYPTSP.dll
0x74f40000 - 0x74f7b000 	C:\Windows\system32\rsaenh.dll
0x74d80000 - 0x74d97000 	C:\Windows\system32\USERENV.dll
0x75720000 - 0x7572b000 	C:\Windows\system32\profapi.dll
0x75670000 - 0x7567c000 	C:\Windows\system32\CRYPTBASE.dll
0x74a00000 - 0x74a10000 	C:\Windows\system32\NLAapi.dll
0x75020000 - 0x75064000 	C:\Windows\system32\DNSAPI.dll
0x6e6b0000 - 0x6e6b8000 	C:\Windows\System32\winrnr.dll
0x6e6a0000 - 0x6e6b0000 	C:\Windows\system32\napinsp.dll
0x6e680000 - 0x6e692000 	C:\Windows\system32\pnrpnsp.dll
0x74c30000 - 0x74c35000 	C:\Windows\System32\wshtcpip.dll
0x74cf0000 - 0x74d0c000 	C:\Windows\system32\IPHLPAPI.DLL
0x74ce0000 - 0x74ce7000 	C:\Windows\system32\WINNSI.DLL
0x6f8b0000 - 0x6f8b6000 	C:\Windows\system32\rasadhlp.dll
0x738d0000 - 0x73908000 	C:\Windows\System32\fwpuclnt.dll
0x72790000 - 0x728d4000 	C:\Program Files\Java\jdk1.7.0_25\jre\bin\awt.dll
0x773e0000 - 0x7746f000 	C:\Windows\system32\OLEAUT32.dll
0x77470000 - 0x775cc000 	C:\Windows\system32\ole32.dll
0x73da0000 - 0x73db3000 	C:\Windows\system32\DWMAPI.DLL
0x74370000 - 0x743b0000 	C:\Windows\system32\uxtheme.dll
0x764e0000 - 0x77129000 	C:\Windows\system32\SHELL32.dll
0x72750000 - 0x72781000 	C:\Program Files\Java\jdk1.7.0_25\jre\bin\fontmanager.dll
0x736f0000 - 0x736fa000 	C:\Program Files\Java\jdk1.7.0_25\jre\bin\jsound.dll
0x74820000 - 0x74829000 	C:\Program Files\Java\jdk1.7.0_25\jre\bin\jsoundds.dll
0x6d5c0000 - 0x6d632000 	C:\Windows\system32\DSOUND.dll
0x74840000 - 0x74865000 	C:\Windows\system32\POWRPROF.dll
0x76270000 - 0x7640d000 	C:\Windows\system32\SETUPAPI.dll
0x757c0000 - 0x757e7000 	C:\Windows\system32\CFGMGR32.dll
0x759a0000 - 0x759b2000 	C:\Windows\system32\DEVOBJ.dll
0x74b70000 - 0x74ba9000 	C:\Windows\system32\MMDevAPI.DLL
0x74550000 - 0x74645000 	C:\Windows\system32\PROPSYS.dll
0x6ddc0000 - 0x6ddf0000 	C:\Windows\system32\wdmaud.drv
0x6ddb0000 - 0x6ddb4000 	C:\Windows\system32\ksuser.dll
0x74810000 - 0x74817000 	C:\Windows\system32\AVRT.dll
0x6da00000 - 0x6da36000 	C:\Windows\system32\AUDIOSES.DLL
0x6d9f0000 - 0x6d9f8000 	C:\Windows\system32\msacm32.drv
0x6d9d0000 - 0x6d9e4000 	C:\Windows\system32\MSACM32.dll
0x6d9c0000 - 0x6d9c7000 	C:\Windows\system32\midimap.dll
0x77230000 - 0x772b3000 	C:\Windows\system32\CLBCatQ.DLL
0x72720000 - 0x72750000 	C:\Program Files\Java\jdk1.7.0_25\jre\bin\t2k.dll
0x6d4b0000 - 0x6d4d4000 	C:\Program Files\Java\jdk1.7.0_25\jre\bin\dcpr.dll
0x6cfb0000 - 0x6d09b000 	C:\Windows\system32\dbghelp.dll

VM Arguments:
jvm_args: -Dfile.encoding=UTF-8 -Djava.security.policy=applet.policy -agentpath:C:/Program Files/NetBeans 7.3.1/profiler/lib/deployed/jdk16/windows/profilerinterface.dll=C:\Program Files\NetBeans 7.3.1\profiler\lib,5140,10 -XX:+HeapDumpOnOutOfMemoryError -XX:HeapDumpPath=F:\java\Casino-Games\nbproject\private\profiler 
java_command: StartDesktop
Launcher Type: SUN_STANDARD

Environment Variables:
PATH=C:\Windows\system32;C:\Windows;C:\Windows\System32\Wbem;C:\Windows\System32\WindowsPowerShell\v1.0\
USERNAME=GOD
OS=Windows_NT
PROCESSOR_IDENTIFIER=x86 Family 6 Model 42 Stepping 7, GenuineIntel



---------------  S Y S T E M  ---------------

OS: Windows 7 Build 7600 

CPU:total 4 (4 cores per cpu, 1 threads per core) family 6 model 42 stepping 7, cmov, cx8, fxsr, mmx, sse, sse2, sse3, ssse3, tsc

Memory: 4k page, physical 3145272k(1964904k free), swap 6288780k(5161528k free)

vm_info: Java HotSpot(TM) Client VM (23.25-b01) for windows-x86 JRE (1.7.0_25-b17), built on Jun 21 2013 13:06:48 by "java_re" with unknown MS VC++:1600

time: Sat Jan 25 21:49:34 2014
elapsed time: 12 seconds

